2025-09-04 20:46:58,561 - __main__ - INFO - Starting Light Light Show application
2025-09-04 20:46:58,562 - __main__ - INFO - Python version: 3.13.7 (tags/v3.13.7:bcee1c3, Aug 14 2025, 14:15:11) [MSC v.1944 64 bit (AMD64)]
2025-09-04 20:46:58,562 - __main__ - INFO - Working directory: C:\dev\LightLightShow
2025-09-04 20:46:58,562 - __main__ - ERROR - Critical error: MainWindow.__init__() got an unexpected keyword argument 'event_manager'
2025-09-04 20:46:58,564 - __main__ - ERROR - Traceback (most recent call last):
  File "c:\dev\LightLightShow\main.py", line 44, in main
    app = MainWindow(event_manager=event_manager, state_manager=state_manager)
TypeError: MainWindow.__init__() got an unexpected keyword argument 'event_manager'

2025-09-04 20:46:58,564 - __main__ - INFO - Application shutdown
2025-09-04 20:51:00,375 - __main__ - INFO - Starting Light Light Show application
2025-09-04 20:51:00,375 - __main__ - INFO - Python version: 3.13.7 (tags/v3.13.7:bcee1c3, Aug 14 2025, 14:15:11) [MSC v.1944 64 bit (AMD64)]
2025-09-04 20:51:00,375 - __main__ - INFO - Working directory: C:\dev\LightLightShow
2025-09-04 20:51:03,056 - __main__ - INFO - Application initialized successfully
2025-09-04 20:52:45,035 - __main__ - INFO - Application shutdown
2025-09-04 20:53:08,399 - __main__ - INFO - Starting Light Light Show application
2025-09-04 20:53:08,399 - __main__ - INFO - Python version: 3.13.7 (tags/v3.13.7:bcee1c3, Aug 14 2025, 14:15:11) [MSC v.1944 64 bit (AMD64)]
2025-09-04 20:53:08,399 - __main__ - INFO - Working directory: C:\dev\LightLightShow
2025-09-04 20:53:10,634 - __main__ - INFO - Application initialized successfully
2025-09-04 20:54:37,725 - __main__ - INFO - Application shutdown
2025-09-04 22:13:54,428 - __main__ - INFO - Starting Light Light Show application
2025-09-04 22:13:54,429 - __main__ - INFO - Python version: 3.13.7 (tags/v3.13.7:bcee1c3, Aug 14 2025, 14:15:11) [MSC v.1944 64 bit (AMD64)]
2025-09-04 22:13:54,429 - __main__ - INFO - Working directory: C:\dev\LightLightShow
2025-09-04 22:13:57,441 - __main__ - INFO - Application initialized successfully
2025-09-04 22:15:38,120 - __main__ - INFO - Application shutdown
2025-09-04 22:18:54,624 - __main__ - INFO - Starting Light Light Show application
2025-09-04 22:18:54,624 - __main__ - INFO - Python version: 3.13.7 (tags/v3.13.7:bcee1c3, Aug 14 2025, 14:15:11) [MSC v.1944 64 bit (AMD64)]
2025-09-04 22:18:54,625 - __main__ - INFO - Working directory: C:\dev\LightLightShow
2025-09-04 22:18:56,862 - __main__ - INFO - Application initialized successfully
2025-09-04 22:19:32,426 - __main__ - INFO - Application shutdown
2025-09-04 22:22:13,672 - __main__ - INFO - Starting Light Light Show application
2025-09-04 22:22:13,672 - __main__ - INFO - Python version: 3.9.13 (tags/v3.9.13:6de2ca5, May 17 2022, 16:36:42) [MSC v.1929 64 bit (AMD64)]
2025-09-04 22:22:13,672 - __main__ - INFO - Working directory: C:\dev\LightLightShow
2025-09-04 22:22:13,718 - __main__ - ERROR - Import error: No module named 'sounddevice'
2025-09-04 22:22:13,718 - __main__ - ERROR - Make sure all required modules are installed
2025-09-04 22:22:13,729 - __main__ - ERROR - Fallback also failed: No module named 'matplotlib'
2025-09-04 22:22:13,729 - __main__ - INFO - Application shutdown
2025-09-04 22:28:02,631 - __main__ - INFO - Starting Light Light Show application
2025-09-04 22:28:02,632 - __main__ - INFO - Python version: 3.13.7 (tags/v3.13.7:bcee1c3, Aug 14 2025, 14:15:11) [MSC v.1944 64 bit (AMD64)]
2025-09-04 22:28:02,632 - __main__ - INFO - Working directory: C:\dev\LightLightShow
2025-09-04 22:28:04,841 - __main__ - ERROR - Critical error: 'ArtNetManager' object has no attribute '_receive_loop'
2025-09-04 22:28:04,845 - __main__ - ERROR - Traceback (most recent call last):
  File "c:\dev\LightLightShow\main.py", line 40, in main
    app = MainWindow()
  File "c:\dev\LightLightShow\views\main_window.py", line 43, in __init__
    self._create_components()
    ~~~~~~~~~~~~~~~~~~~~~~~^^
  File "c:\dev\LightLightShow\views\main_window.py", line 81, in _create_components
    self.artnet_manager.start()
    ~~~~~~~~~~~~~~~~~~~~~~~~~^^
  File "c:\dev\LightLightShow\artnet.py", line 236, in start
    self.receiver_thread = threading.Thread(target=self._receive_loop, daemon=True)
                                                   ^^^^^^^^^^^^^^^^^^
AttributeError: 'ArtNetManager' object has no attribute '_receive_loop'

2025-09-04 22:28:04,845 - __main__ - INFO - Application shutdown
2025-09-04 22:30:49,857 - __main__ - INFO - Starting Light Light Show application
2025-09-04 22:30:49,858 - __main__ - INFO - Python version: 3.13.7 (tags/v3.13.7:bcee1c3, Aug 14 2025, 14:15:11) [MSC v.1944 64 bit (AMD64)]
2025-09-04 22:30:49,858 - __main__ - INFO - Working directory: C:\dev\LightLightShow
2025-09-04 22:30:52,904 - __main__ - INFO - Application initialized successfully
2025-09-04 22:31:02,965 - __main__ - INFO - Application shutdown
2025-09-04 22:33:04,139 - __main__ - INFO - Starting Light Light Show application
2025-09-04 22:33:04,142 - __main__ - INFO - Python version: 3.13.7 (tags/v3.13.7:bcee1c3, Aug 14 2025, 14:15:11) [MSC v.1944 64 bit (AMD64)]
2025-09-04 22:33:04,143 - __main__ - INFO - Working directory: C:\dev\LightLightShow
2025-09-04 22:33:06,969 - __main__ - INFO - Application initialized successfully
2025-09-04 22:33:12,707 - __main__ - INFO - Application shutdown
2025-09-04 22:36:08,883 - __main__ - INFO - Starting Light Light Show application
2025-09-04 22:36:08,884 - __main__ - INFO - Python version: 3.13.7 (tags/v3.13.7:bcee1c3, Aug 14 2025, 14:15:11) [MSC v.1944 64 bit (AMD64)]
2025-09-04 22:36:08,884 - __main__ - INFO - Working directory: C:\dev\LightLightShow
2025-09-04 22:36:11,554 - __main__ - INFO - Application initialized successfully
2025-09-04 22:36:17,346 - __main__ - INFO - Application shutdown
2025-09-04 22:38:16,761 - __main__ - INFO - Starting Light Light Show application
2025-09-04 22:38:16,762 - __main__ - INFO - Python version: 3.13.7 (tags/v3.13.7:bcee1c3, Aug 14 2025, 14:15:11) [MSC v.1944 64 bit (AMD64)]
2025-09-04 22:38:16,762 - __main__ - INFO - Working directory: C:\dev\LightLightShow
2025-09-04 22:38:19,421 - __main__ - INFO - Application initialized successfully
2025-09-04 22:39:00,371 - __main__ - INFO - Application shutdown
2025-09-05 08:30:49,578 - __main__ - INFO - Starting Light Light Show application
2025-09-05 08:30:49,579 - __main__ - INFO - Python version: 3.13.7 (tags/v3.13.7:bcee1c3, Aug 14 2025, 14:15:11) [MSC v.1944 64 bit (AMD64)]
2025-09-05 08:30:49,579 - __main__ - INFO - Working directory: C:\dev\LightLightShow
2025-09-05 08:31:00,137 - __main__ - INFO - Application initialized successfully
2025-09-05 08:32:20,947 - __main__ - INFO - Application shutdown
2025-09-05 08:36:32,269 - __main__ - INFO - Starting Light Light Show application
2025-09-05 08:36:32,270 - __main__ - INFO - Python version: 3.13.7 (tags/v3.13.7:bcee1c3, Aug 14 2025, 14:15:11) [MSC v.1944 64 bit (AMD64)]
2025-09-05 08:36:32,270 - __main__ - INFO - Working directory: C:\dev\LightLightShow
2025-09-05 08:36:35,084 - __main__ - INFO - Application initialized successfully
2025-09-05 08:37:10,904 - __main__ - INFO - Application shutdown
2025-09-05 08:37:22,242 - __main__ - INFO - Starting Light Light Show application
2025-09-05 08:37:22,243 - __main__ - INFO - Python version: 3.13.7 (tags/v3.13.7:bcee1c3, Aug 14 2025, 14:15:11) [MSC v.1944 64 bit (AMD64)]
2025-09-05 08:37:22,243 - __main__ - INFO - Working directory: C:\dev\LightLightShow
2025-09-05 08:37:25,077 - __main__ - INFO - Application initialized successfully
2025-09-05 08:38:28,699 - __main__ - INFO - Application shutdown
2025-09-05 08:41:01,872 - __main__ - INFO - Starting Light Light Show application
2025-09-05 08:41:01,873 - __main__ - INFO - Python version: 3.13.7 (tags/v3.13.7:bcee1c3, Aug 14 2025, 14:15:11) [MSC v.1944 64 bit (AMD64)]
2025-09-05 08:41:01,873 - __main__ - INFO - Working directory: C:\dev\LightLightShow
2025-09-05 08:41:04,678 - __main__ - INFO - Application initialized successfully
2025-09-05 08:42:05,619 - __main__ - INFO - Application shutdown
2025-09-05 08:42:21,574 - __main__ - INFO - Starting Light Light Show application
2025-09-05 08:42:21,574 - __main__ - INFO - Python version: 3.13.7 (tags/v3.13.7:bcee1c3, Aug 14 2025, 14:15:11) [MSC v.1944 64 bit (AMD64)]
2025-09-05 08:42:21,574 - __main__ - INFO - Working directory: C:\dev\LightLightShow
2025-09-05 08:42:23,973 - __main__ - INFO - Application initialized successfully
2025-09-05 08:43:47,451 - __main__ - INFO - Application shutdown
2025-09-05 08:48:05,892 - __main__ - INFO - Starting Light Light Show application
2025-09-05 08:48:05,892 - __main__ - INFO - Python version: 3.13.7 (tags/v3.13.7:bcee1c3, Aug 14 2025, 14:15:11) [MSC v.1944 64 bit (AMD64)]
2025-09-05 08:48:05,892 - __main__ - INFO - Working directory: C:\dev\LightLightShow
2025-09-05 08:48:08,880 - __main__ - INFO - Application initialized successfully
2025-09-05 08:49:42,839 - __main__ - INFO - Application shutdown
2025-09-05 08:56:34,335 - __main__ - INFO - Starting Light Light Show application
2025-09-05 08:56:34,335 - __main__ - INFO - Python version: 3.13.7 (tags/v3.13.7:bcee1c3, Aug 14 2025, 14:15:11) [MSC v.1944 64 bit (AMD64)]
2025-09-05 08:56:34,336 - __main__ - INFO - Working directory: C:\dev\LightLightShow
2025-09-05 08:56:37,233 - __main__ - INFO - Application initialized successfully
2025-09-05 08:57:33,479 - __main__ - INFO - Application shutdown
2025-09-05 09:00:42,726 - __main__ - INFO - Starting Light Light Show application
2025-09-05 09:00:42,727 - __main__ - INFO - Python version: 3.13.7 (tags/v3.13.7:bcee1c3, Aug 14 2025, 14:15:11) [MSC v.1944 64 bit (AMD64)]
2025-09-05 09:00:42,727 - __main__ - INFO - Working directory: C:\dev\LightLightShow
2025-09-05 09:00:45,110 - __main__ - INFO - Application initialized successfully
2025-09-05 09:02:47,047 - __main__ - INFO - Application shutdown
2025-09-05 09:06:12,308 - __main__ - INFO - Starting Light Light Show application
2025-09-05 09:06:12,309 - __main__ - INFO - Python version: 3.13.7 (tags/v3.13.7:bcee1c3, Aug 14 2025, 14:15:11) [MSC v.1944 64 bit (AMD64)]
2025-09-05 09:06:12,309 - __main__ - INFO - Working directory: C:\dev\LightLightShow
2025-09-05 09:06:14,763 - __main__ - INFO - Application initialized successfully
2025-09-05 09:13:01,796 - __main__ - INFO - Application shutdown
2025-09-05 09:19:09,255 - __main__ - INFO - Starting Light Light Show application
2025-09-05 09:19:09,256 - __main__ - INFO - Python version: 3.13.7 (tags/v3.13.7:bcee1c3, Aug 14 2025, 14:15:11) [MSC v.1944 64 bit (AMD64)]
2025-09-05 09:19:09,256 - __main__ - INFO - Working directory: C:\dev\LightLightShow
2025-09-05 09:19:12,016 - __main__ - INFO - Application initialized successfully
2025-09-05 09:21:15,666 - __main__ - INFO - Application shutdown
2025-09-05 09:27:31,286 - __main__ - INFO - Starting Light Light Show application
2025-09-05 09:27:31,286 - __main__ - INFO - Python version: 3.13.7 (tags/v3.13.7:bcee1c3, Aug 14 2025, 14:15:11) [MSC v.1944 64 bit (AMD64)]
2025-09-05 09:27:31,286 - __main__ - INFO - Working directory: C:\dev\LightLightShow
2025-09-05 09:27:33,827 - __main__ - INFO - Application initialized successfully
2025-09-05 09:28:11,723 - __main__ - INFO - Application shutdown
